b 1
d 2 1
b 2
d 2 2
b 3
d 2 3
b 4
d 2 4
b 5
d 2 5
b 6
d 2 6
b 7
d 2 7
b 8
d 2 8
b 9
d 2 9
b 10
d 2 10
b 11
d 2 11
b 12
d 2 12
b 13
d 2 13
b 14
d 2 14
b 15
d 2 15
b 16
d 2 16
b 17
d 2 17
b 18
d 2 18
b 19
d 2 19
b 20
d 2 20
b 21
d 2 21
b 22
d 2 22
b 23
d 2 23
b 24
d 2 24
b 25
d 2 25
b 26
d 2 26
b 27
d 2 27
b 28
d 2 28
b 29
d 2 29
b 30
d 2 30
b 31
d 2 31
b 32
d 2 32
b 33
d 2 33
b 34
d 2 34
b 35
d 2 35
b 36
d 2 36
b 37
d 2 37
b 38
d 2 38
b 39
d 2 39
b 40
d 2 40
b 41
d 2 41
b 42
d 2 42
b 43
d 2 43
b 44
d 2 44
b 45
d 2 45
b 46
d 2 46
b 47
d 2 47
b 48
d 2 48
b 49
d 2 49
b 50
d 2 50
d 1 1
d 3 1
d 3 2
d 3 3
d 3 4
d 3 5
d 3 6
d 3 7
d 3 8
d 3 9
d 3 10
d 3 11
d 3 12
d 3 13
d 3 14
d 3 15
d 3 16
d 3 17
d 3 18
d 3 19
d 3 20
d 3 21
d 3 22
d 3 23
d 3 24
d 3 25
d 3 26
d 3 27
d 3 28
d 3 29
d 3 30
d 3 31
d 1 2
d 1 3
d 3 32
d 3 33
d 3 34
d 3 35
d 3 36
d 3 37
d 3 38
d 3 39
d 3 40
d 3 41
d 3 42
d 3 43
d 3 44
d 3 45
d 3 46
d 3 47
d 3 48
d 3 49
d 3 50
d 1 4
d 1 5
d 1 6
d 1 7
d 1 8
d 1 9
d 1 10
d 1 11
d 1 12
d 1 13
d 1 14
d 1 15
d 1 16
d 1 17
d 1 18
d 1 19
d 1 20
d 1 21
d 1 22
d 1 23
d 1 24
d 1 25
d 1 26
d 1 27
d 1 28
d 1 29
d 1 30
d 1 31
d 1 32
d 1 33
d 1 34
d 1 35
d 1 36
d 1 37
d 1 38
d 1 39
d 1 40
d 1 41
d 1 42
d 1 43
d 1 44
d 1 45
d 1 46
d 1 47
d 1 48
d 1 49
d 1 50
