b 1
b 2
b 3
b 4
b 5
b 6
b 7
b 8
b 9
b 10
b 11
b 12
b 13
b 14
b 15
b 16
b 17
b 18
b 19
b 20
b 21
b 22
b 23
b 24
b 25
b 26
b 27
b 28
b 29
b 30
b 31
b 32
b 33
b 34
b 35
b 36
b 37
b 38
b 39
b 40
b 41
b 42
b 43
b 44
b 45
b 46
b 47
b 48
b 49
b 50
b 51
b 52
b 53
b 54
b 55
b 56
b 57
b 58
b 59
b 60
b 61
b 62
b 63
b 64
b 65
b 66
b 67
b 68
b 69
b 70
b 71
b 72
b 73
b 74
b 75
b 76
b 77
b 78
b 79
b 80
b 81
b 82
b 83
b 84
b 85
b 86
b 87
b 88
b 89
b 90
b 91
b 92
b 93
b 94
b 95
b 96
b 97
b 98
b 99
b 100
b 101
b 102
b 103
b 104
b 105
b 106
b 107
b 108
b 109
b 110
b 111
b 112
b 113
b 114
b 115
b 116
b 117
b 118
b 119
b 120
b 121
b 122
b 123
b 124
b 125
b 126
b 127
b 128
b 129
b 130
b 131
b 132
b 133
b 134
b 135
b 136
b 137
b 138
b 139
b 140
b 141
b 142
b 143
b 144
b 145
b 146
b 147
b 148
b 149
b 150
b 151
b 152
b 153
b 154
b 155
b 156
b 157
b 158
b 159
b 160
b 161
b 162
b 163
b 164
b 165
b 166
b 167
b 168
b 169
b 170
b 171
b 172
b 173
b 174
b 175
b 176
b 177
b 178
b 179
b 180
b 181
b 182
b 183
b 184
b 185
b 186
b 187
b 188
b 189
b 190
b 191
b 192
b 193
b 194
b 195
b 196
b 197
b 198
b 199
b 200
b 201
b 202
b 203
b 204
b 205
b 206
b 207
b 208
b 209
b 210
b 211
b 212
b 213
b 214
b 215
b 216
b 217
b 218
b 219
b 220
b 221
b 222
b 223
b 224
b 225
b 226
b 227
b 228
b 229
b 230
b 231
b 232
b 233
b 234
b 235
b 236
b 237
b 238
b 239
b 240
b 241
b 242
b 243
b 244
b 245
b 246
b 247
b 248
b 249
b 250
b 251
b 252
b 253
b 254
b 255
b 256
b 257
b 258
b 259
b 260
b 261
b 262
b 263
b 264
b 265
b 266
b 267
b 268
b 269
b 270
b 271
b 272
b 273
b 274
b 275
b 276
b 277
b 278
b 279
b 280
b 281
b 282
b 283
b 284
b 285
b 286
b 287
b 288
b 289
b 290
b 291
b 292
b 293
b 294
b 295
b 296
b 297
b 298
b 299
b 300
b 301
b 302
b 303
b 304
b 305
b 306
b 307
b 308
b 309
b 310
b 311
b 312
b 313
b 314
b 315
b 316
b 317
b 318
b 319
b 320
b 321
b 322
b 323
b 324
b 325
b 326
b 327
b 328
b 329
b 330
b 331
b 332
b 333
b 334
b 335
b 336
b 337
b 338
b 339
b 340
b 341
b 342
b 343
b 344
b 345
b 346
b 347
b 348
b 349
b 350
b 351
b 352
b 353
b 354
b 355
b 356
b 357
b 358
b 359
b 360
b 361
b 362
b 363
b 364
b 365
b 366
b 367
b 368
b 369
b 370
b 371
b 372
b 373
b 374
b 375
b 376
b 377
b 378
b 379
b 380
b 381
b 382
b 383
b 384
b 385
b 386
b 387
b 388
b 389
b 390
b 391
b 392
b 393
b 394
b 395
b 396
b 397
b 398
b 399
b 400
b 401
b 402
b 403
b 404
b 405
b 406
b 407
b 408
b 409
b 410
b 411
b 412
b 413
b 414
b 415
b 416
b 417
b 418
b 419
b 420
b 421
b 422
b 423
b 424
b 425
b 426
b 427
b 428
b 429
b 430
b 431
b 432
b 433
b 434
b 435
b 436
b 437
b 438
b 439
b 440
b 441
b 442
b 443
b 444
b 445
b 446
b 447
b 448
b 449
b 450
b 451
b 452
b 453
b 454
b 455
b 456
b 457
b 458
b 459
b 460
b 461
b 462
b 463
b 464
b 465
b 466
b 467
b 468
b 469
b 470
b 471
b 472
b 473
b 474
b 475
b 476
b 477
b 478
b 479
b 480
b 481
b 482
b 483
b 484
b 485
b 486
b 487
b 488
b 489
b 490
b 491
b 492
b 493
b 494
b 495
b 496
b 497
b 498
b 499
b 500
d 2 1
d 2 2
d 2 3
d 2 4
d 2 5
d 2 6
d 2 7
d 2 8
d 2 9
d 2 10
d 2 11
d 2 12
d 2 13
d 2 14
d 2 15
d 2 16
d 2 17
d 2 18
d 2 19
d 2 20
d 2 21
d 2 22
d 2 23
d 2 24
d 2 25
d 2 26
d 2 27
d 2 28
d 2 29
d 2 30
d 2 31
d 2 32
d 2 33
d 2 34
d 2 35
d 2 36
d 2 37
d 2 38
d 2 39
d 2 40
d 2 41
d 2 42
d 2 43
d 2 44
d 2 45
d 2 46
d 2 47
d 2 48
d 2 49
d 2 50
d 2 51
d 2 52
d 2 53
d 2 54
d 2 55
d 2 56
d 2 57
d 2 58
d 2 59
d 2 60
d 2 61
d 2 62
d 2 63
d 2 64
d 2 65
d 2 66
d 2 67
d 2 68
d 2 69
d 2 70
d 2 71
d 2 72
d 2 73
d 2 74
d 2 75
d 2 76
d 2 77
d 2 78
d 2 79
d 2 80
d 2 81
d 2 82
d 2 83
d 2 84
d 2 85
d 2 86
d 2 87
d 2 88
d 2 89
d 2 90
d 2 91
d 2 92
d 2 93
d 2 94
d 2 95
d 2 96
d 2 97
d 2 98
d 2 99
d 2 100
d 1 1
d 1 2
d 1 3
d 1 4
d 1 5
d 1 6
d 1 7
d 1 8
d 1 9
d 1 10
d 1 11
d 1 12
d 1 13
d 1 14
d 1 15
d 1 16
d 1 17
d 1 18
d 1 19
d 1 20
d 1 21
d 1 22
d 1 23
d 1 24
d 1 25
d 1 26
d 1 27
d 1 28
d 1 29
d 1 30
d 1 31
d 1 32
d 1 33
d 1 34
d 1 35
d 1 36
d 1 37
d 1 38
d 1 39
d 1 40
d 1 41
d 1 42
d 1 43
d 1 44
d 1 45
d 1 46
d 1 47
d 1 48
d 1 49
d 1 50
d 1 51
d 1 52
d 1 53
d 1 54
d 1 55
d 1 56
d 1 57
d 1 58
d 1 59
d 1 60
d 1 61
d 1 62
d 1 63
d 1 64
d 1 65
d 1 66
d 1 67
d 1 68
d 1 69
d 1 70
d 1 71
d 1 72
d 1 73
d 1 74
d 1 75
d 1 76
d 1 77
d 1 78
d 1 79
d 1 80
d 1 81
d 2 101
d 2 102
d 2 103
d 2 104
d 2 105
d 2 106
d 1 82
d 1 83
d 1 84
d 1 85
d 1 86
d 1 87
d 1 88
d 1 89
d 1 90
d 1 91
d 1 92
d 1 93
d 1 94
d 1 95
d 1 96
d 1 97
d 1 98
d 1 99
d 1 100
d 2 107
d 2 108
d 2 109
d 2 110
d 2 111
d 2 112
d 2 113
d 2 114
d 2 115
d 2 116
d 2 117
d 2 118
d 2 119
d 2 120
d 2 121
d 2 122
d 2 123
d 2 124
d 2 125
d 2 126
d 2 127
d 2 128
d 2 129
d 2 130
d 2 131
d 2 132
d 2 133
d 2 134
d 2 135
d 2 136
d 2 137
d 2 138
d 2 139
d 2 140
d 2 141
d 2 142
d 2 143
d 2 144
d 2 145
d 2 146
d 2 147
d 2 148
d 2 149
d 2 150
d 2 151
d 2 152
d 2 153
d 2 154
d 2 155
d 2 156
d 2 157
d 2 158
d 2 159
d 2 160
d 2 161
d 2 162
d 2 163
d 2 164
d 2 165
d 2 166
d 2 167
d 2 168
d 2 169
d 2 170
d 2 171
d 2 172
d 2 173
d 2 174
d 2 175
d 2 176
d 2 177
d 2 178
d 2 179
d 2 180
d 2 181
d 2 182
d 2 183
d 2 184
d 2 185
d 1 101
d 1 102
d 2 186
d 2 187
d 2 188
d 2 189
d 2 190
d 2 191
d 2 192
d 2 193
d 2 194
d 2 195
d 2 196
d 2 197
d 2 198
d 2 199
d 2 200
d 2 201
d 2 202
d 2 203
d 2 204
d 2 205
d 2 206
d 2 207
d 2 208
d 2 209
d 2 210
d 2 211
d 2 212
d 2 213
d 2 214
d 2 215
d 2 216
d 2 217
d 2 218
d 2 219
d 2 220
d 2 221
d 2 222
d 2 223
d 2 224
d 2 225
d 2 226
d 2 227
d 2 228
d 2 229
d 2 230
d 2 231
d 2 232
d 2 233
d 2 234
d 2 235
d 2 236
d 2 237
d 2 238
d 2 239
d 2 240
d 2 241
d 2 242
d 2 243
d 2 244
d 2 245
d 2 246
d 2 247
d 2 248
d 2 249
d 2 250
d 2 251
d 2 252
d 2 253
d 2 254
d 2 255
d 2 256
d 2 257
d 2 258
d 1 103
d 1 104
d 1 105
d 1 106
d 1 107
d 1 108
d 1 109
d 1 110
d 1 111
d 1 112
d 1 113
d 1 114
d 1 115
d 1 116
d 1 117
d 1 118
d 2 259
d 2 260
d 1 119
d 1 120
d 1 121
d 2 261
d 2 262
d 2 263
d 2 264
d 1 122
d 2 265
d 2 266
d 2 267
d 2 268
d 2 269
d 2 270
d 2 271
d 2 272
d 2 273
d 2 274
d 2 275
d 2 276
d 2 277
d 2 278
d 2 279
d 2 280
d 2 281
d 2 282
d 2 283
d 2 284
d 2 285
d 2 286
d 2 287
d 2 288
d 2 289
d 2 290
d 2 291
d 2 292
d 2 293
d 2 294
d 2 295
d 2 296
d 2 297
d 1 123
d 1 124
d 1 125
d 1 126
d 2 298
d 2 299
d 2 300
d 2 301
d 2 302
d 2 303
d 2 304
d 2 305
d 2 306
d 2 307
d 2 308
d 2 309
d 2 310
d 1 127
d 1 128
d 1 129
d 1 130
d 1 131
d 1 132
d 1 133
d 1 134
d 2 311
d 2 312
d 2 313
d 2 314
d 2 315
d 1 135
d 1 136
d 2 316
d 2 317
d 2 318
d 2 319
d 2 320
d 1 137
d 2 321
d 2 322
d 2 323
d 2 324
d 2 325
d 2 326
d 2 327
d 2 328
d 2 329
d 2 330
d 2 331
d 2 332
d 1 138
d 2 333
d 2 334
d 2 335
d 2 336
d 2 337
d 2 338
d 2 339
d 2 340
d 2 341
d 2 342
d 2 343
d 2 344
d 2 345
d 2 346
d 2 347
d 2 348
d 2 349
d 2 350
d 2 351
d 2 352
d 2 353
d 2 354
d 2 355
d 2 356
d 2 357
d 2 358
d 2 359
d 2 360
d 2 361
d 2 362
d 2 363
d 2 364
d 2 365
d 2 366
d 2 367
d 2 368
d 2 369
d 2 370
d 2 371
d 2 372
d 2 373
d 2 374
d 2 375
d 2 376
d 2 377
d 2 378
d 2 379
d 2 380
d 2 381
d 1 139
d 1 140
d 1 141
d 1 142
d 1 143
d 1 144
d 1 145
d 1 146
d 1 147
d 1 148
d 1 149
d 1 150
d 1 151
d 1 152
d 1 153
d 1 154
d 1 155
d 1 156
d 1 157
d 1 158
d 1 159
d 1 160
d 1 161
d 1 162
d 1 163
d 1 164
d 1 165
d 1 166
d 2 382
d 1 167
d 1 168
d 2 383
d 2 384
d 2 385
d 2 386
d 2 387
d 2 388
d 2 389
d 2 390
d 2 391
d 2 392
d 2 393
d 2 394
d 2 395
d 2 396
d 2 397
d 2 398
d 2 399
d 2 400
d 2 401
d 2 402
d 1 169
d 1 170
d 1 171
d 1 172
d 1 173
d 1 174
d 1 175
d 1 176
d 1 177
d 1 178
d 1 179
d 1 180
d 1 181
d 1 182
d 1 183
d 1 184
d 1 185
d 1 186
d 1 187
d 1 188
d 1 189
d 1 190
d 1 191
d 1 192
d 1 193
d 1 194
d 1 195
d 1 196
d 1 197
d 1 198
d 1 199
d 1 200
d 1 201
d 1 202
d 1 203
d 1 204
d 1 205
d 1 206
d 1 207
d 1 208
d 1 209
d 1 210
d 1 211
d 1 212
d 1 213
d 1 214
d 2 403
d 2 404
d 2 405
d 2 406
d 2 407
d 2 408
d 2 409
d 2 410
d 1 215
d 1 216
d 1 217
d 1 218
d 1 219
d 1 220
d 2 411
d 2 412
d 2 413
d 2 414
d 2 415
d 2 416
d 2 417
d 2 418
d 2 419
d 2 420
d 2 421
d 2 422
d 2 423
d 2 424
d 2 425
d 2 426
d 2 427
d 2 428
d 2 429
d 2 430
d 2 431
d 2 432
d 2 433
d 2 434
d 2 435
d 2 436
d 2 437
d 2 438
d 2 439
d 2 440
d 2 441
d 2 442
d 2 443
d 2 444
d 2 445
d 2 446
d 2 447
d 2 448
d 2 449
d 2 450
d 2 451
d 2 452
d 2 453
d 2 454
d 2 455
d 2 456
d 2 457
d 2 458
d 2 459
d 2 460
d 2 461
d 2 462
d 1 221
d 2 463
d 2 464
d 2 465
d 2 466
d 2 467
d 2 468
d 2 469
d 2 470
d 2 471
d 2 472
d 2 473
d 2 474
d 2 475
d 2 476
d 2 477
d 2 478
d 2 479
d 2 480
d 2 481
d 2 482
d 1 222
d 1 223
d 1 224
d 1 225
d 1 226
d 2 483
d 2 484
d 2 485
d 1 227
d 1 228
d 1 229
d 1 230
d 1 231
d 1 232
d 1 233
d 2 486
d 2 487
d 1 234
d 1 235
d 1 236
d 1 237
d 1 238
d 1 239
d 1 240
d 1 241
d 1 242
d 1 243
d 1 244
d 1 245
d 1 246
d 1 247
d 1 248
d 1 249
d 2 488
d 1 250
d 1 251
d 1 252
d 2 489
d 2 490
d 2 491
d 2 492
d 2 493
d 2 494
d 2 495
d 2 496
d 2 497
d 2 498
d 2 499
d 2 500
d 1 253
d 1 254
d 1 255
d 1 256
d 1 257
d 1 258
d 1 259
d 1 260
d 1 261
d 1 262
d 1 263
d 1 264
d 1 265
d 1 266
d 1 267
d 1 268
d 1 269
d 1 270
d 1 271
d 1 272
d 1 273
d 1 274
d 1 275
d 1 276
d 1 277
d 1 278
d 1 279
d 1 280
d 1 281
d 1 282
d 1 283
d 1 284
d 1 285
d 1 286
d 1 287
d 1 288
d 1 289
d 1 290
d 1 291
d 1 292
d 1 293
d 1 294
d 1 295
d 1 296
d 1 297
d 1 298
d 1 299
d 1 300
d 1 301
d 1 302
d 1 303
d 1 304
d 1 305
d 1 306
d 1 307
d 1 308
d 1 309
d 1 310
d 1 311
d 1 312
d 1 313
d 1 314
d 1 315
d 1 316
d 1 317
d 1 318
d 1 319
d 1 320
d 1 321
d 1 322
d 1 323
d 1 324
d 1 325
d 1 326
d 1 327
d 1 328
d 1 329
d 1 330
d 1 331
d 1 332
d 1 333
d 1 334
d 1 335
d 1 336
d 1 337
d 1 338
d 1 339
d 1 340
d 1 341
d 1 342
d 1 343
d 1 344
d 1 345
d 1 346
d 1 347
d 1 348
d 1 349
d 1 350
d 1 351
d 1 352
d 1 353
d 1 354
d 1 355
d 1 356
d 1 357
d 1 358
d 1 359
d 1 360
d 1 361
d 1 362
d 1 363
d 1 364
d 1 365
d 1 366
d 1 367
d 1 368
d 1 369
d 1 370
d 1 371
d 1 372
d 1 373
d 1 374
d 1 375
d 1 376
d 1 377
d 1 378
d 1 379
d 1 380
d 1 381
d 1 382
d 1 383
d 1 384
d 1 385
d 1 386
d 1 387
d 1 388
d 1 389
d 1 390
d 1 391
d 1 392
d 1 393
d 1 394
d 1 395
d 1 396
d 1 397
d 1 398
d 1 399
d 1 400
d 1 401
d 1 402
d 1 403
d 1 404
d 1 405
d 1 406
d 1 407
d 1 408
d 1 409
d 1 410
d 1 411
d 1 412
d 1 413
d 1 414
d 1 415
d 1 416
d 1 417
d 1 418
d 1 419
d 1 420
d 1 421
d 1 422
d 1 423
d 1 424
d 1 425
d 1 426
d 1 427
d 1 428
d 1 429
d 1 430
d 1 431
d 1 432
d 1 433
d 1 434
d 1 435
d 1 436
d 1 437
d 1 438
d 1 439
d 1 440
d 1 441
d 1 442
d 1 443
d 1 444
d 1 445
d 1 446
d 1 447
d 1 448
d 1 449
d 1 450
d 1 451
d 1 452
d 1 453
d 1 454
d 1 455
d 1 456
d 1 457
d 1 458
d 1 459
d 1 460
d 1 461
d 1 462
d 1 463
d 1 464
d 1 465
d 1 466
d 1 467
d 1 468
d 1 469
d 1 470
d 1 471
d 1 472
d 1 473
d 1 474
d 1 475
d 1 476
d 1 477
d 1 478
d 1 479
d 1 480
d 1 481
d 1 482
d 1 483
d 1 484
d 1 485
d 1 486
d 1 487
d 1 488
d 1 489
d 1 490
d 1 491
d 1 492
d 1 493
d 1 494
d 1 495
d 1 496
d 1 497
d 1 498
d 1 499
d 1 500
